  [1m[35m (651.8ms)[0m  [1m[35mCREATE DATABASE "books_db_api_development" ENCODING = 'unicode'[0m
  ↳ bin/rails:9
  [1m[35m (548.1ms)[0m  [1m[35mCREATE DATABASE "books_db_api_test" ENCODING = 'unicode'[0m
  ↳ bin/rails:9
  [1m[35m (71.7ms)[0m  [1m[35mCREATE TABLE "schema_migrations" ("version" character varying NOT NULL PRIMARY KEY)[0m
  ↳ bin/rails:9
  [1m[35m (45.8ms)[0m  [1m[35mCREATE TABLE "ar_internal_metadata" ("key" character varying NOT NULL PRIMARY KEY, "value" character varying, "created_at" timestamp NOT NULL, "updated_at" timestamp NOT NULL)[0m
  ↳ bin/rails:9
  [1m[35m (2.8ms)[0m  [1m[34mSELECT pg_try_advisory_lock(4326348618365651220)[0m
  ↳ bin/rails:9
  [1m[35m (3.2ms)[0m  [1m[34mSELECT "schema_migrations"."version" FROM "schema_migrations" ORDER BY "schema_migrations"."version" ASC[0m
  ↳ bin/rails:9
Migrating to CreateAuthors (20190528174922)
  [1m[35m (0.2ms)[0m  [1m[35mBEGIN[0m
  ↳ bin/rails:9
  [1m[35m (70.1ms)[0m  [1m[35mCREATE TABLE "authors" ("id" bigserial primary key, "name" character varying, "created_at" timestamp NOT NULL, "updated_at" timestamp NOT NULL)[0m
  ↳ db/migrate/20190528174922_create_authors.rb:3
  [1m[36mActiveRecord::SchemaMigration Create (0.9ms)[0m  [1m[32mINSERT INTO "schema_migrations" ("version") VALUES ($1) RETURNING "version"[0m  [["version", "20190528174922"]]
  ↳ bin/rails:9
  [1m[35m (2.4ms)[0m  [1m[35mCOMMIT[0m
  ↳ bin/rails:9
Migrating to CreateBooks (20190528174940)
  [1m[35m (40.8ms)[0m  [1m[35mBEGIN[0m
  ↳ bin/rails:9
  [1m[35m (16.4ms)[0m  [1m[35mCREATE TABLE "books" ("id" bigserial primary key, "title" character varying, "created_at" timestamp NOT NULL, "updated_at" timestamp NOT NULL)[0m
  ↳ db/migrate/20190528174940_create_books.rb:3
  [1m[36mActiveRecord::SchemaMigration Create (0.3ms)[0m  [1m[32mINSERT INTO "schema_migrations" ("version") VALUES ($1) RETURNING "version"[0m  [["version", "20190528174940"]]
  ↳ bin/rails:9
  [1m[35m (1.4ms)[0m  [1m[35mCOMMIT[0m
  ↳ bin/rails:9
Migrating to CreateJoinTableAuthorsBooks (20190528175007)
  [1m[35m (40.6ms)[0m  [1m[35mBEGIN[0m
  ↳ bin/rails:9
  [1m[35m (3.4ms)[0m  [1m[35mCREATE TABLE "authors_books" ("author_id" bigint NOT NULL, "book_id" bigint NOT NULL)[0m
  ↳ db/migrate/20190528175007_create_join_table_authors_books.rb:3
  [1m[35m (7.9ms)[0m  [1m[35mCREATE  INDEX  "index_authors_books_on_author_id_and_book_id" ON "authors_books"  ("author_id", "book_id")[0m
  ↳ db/migrate/20190528175007_create_join_table_authors_books.rb:3
  [1m[35m (3.4ms)[0m  [1m[35mCREATE  INDEX  "index_authors_books_on_book_id_and_author_id" ON "authors_books"  ("book_id", "author_id")[0m
  ↳ db/migrate/20190528175007_create_join_table_authors_books.rb:3
  [1m[36mActiveRecord::SchemaMigration Create (0.5ms)[0m  [1m[32mINSERT INTO "schema_migrations" ("version") VALUES ($1) RETURNING "version"[0m  [["version", "20190528175007"]]
  ↳ bin/rails:9
  [1m[35m (2.3ms)[0m  [1m[35mCOMMIT[0m
  ↳ bin/rails:9
  [1m[36mActiveRecord::InternalMetadata Load (0.7ms)[0m  [1m[34mSELECT  "ar_internal_metadata".* FROM "ar_internal_metadata" WHERE "ar_internal_metadata"."key" = $1 LIMIT $2[0m  [["key", "environment"], ["LIMIT", 1]]
  ↳ bin/rails:9
  [1m[35m (0.3ms)[0m  [1m[35mBEGIN[0m
  ↳ bin/rails:9
  [1m[36mActiveRecord::InternalMetadata Create (0.9ms)[0m  [1m[32mINSERT INTO "ar_internal_metadata" ("key", "value", "created_at", "updated_at") VALUES ($1, $2, $3, $4) RETURNING "key"[0m  [["key", "environment"], ["value", "development"], ["created_at", "2019-05-28 17:50:35.502588"], ["updated_at", "2019-05-28 17:50:35.502588"]]
  ↳ bin/rails:9
  [1m[35m (2.3ms)[0m  [1m[35mCOMMIT[0m
  ↳ bin/rails:9
  [1m[35m (0.4ms)[0m  [1m[34mSELECT pg_advisory_unlock(4326348618365651220)[0m
  ↳ bin/rails:9
  [1m[35m (0.6ms)[0m  [1m[34mSELECT "schema_migrations"."version" FROM "schema_migrations" ORDER BY "schema_migrations"."version" ASC[0m
  ↳ bin/rails:9
  [1m[35m (1.4ms)[0m  [1m[34mSELECT "schema_migrations"."version" FROM "schema_migrations" ORDER BY "schema_migrations"."version" ASC[0m
  ↳ bin/rails:9
  [1m[35m (0.2ms)[0m  [1m[35mBEGIN[0m
  ↳ db/seeds.rb:1
  [1m[36mBook Create (5.7ms)[0m  [1m[32mINSERT INTO "books" ("title", "created_at", "updated_at") VALUES ($1, $2, $3) RETURNING "id"[0m  [["title", "One"], ["created_at", "2019-05-28 17:54:28.523063"], ["updated_at", "2019-05-28 17:54:28.523063"]]
  ↳ db/seeds.rb:1
  [1m[35m (38.3ms)[0m  [1m[35mCOMMIT[0m
  ↳ db/seeds.rb:1
  [1m[35m (0.3ms)[0m  [1m[35mBEGIN[0m
  ↳ db/seeds.rb:2
  [1m[36mBook Create (0.5ms)[0m  [1m[32mINSERT INTO "books" ("title", "created_at", "updated_at") VALUES ($1, $2, $3) RETURNING "id"[0m  [["title", "Two"], ["created_at", "2019-05-28 17:54:28.569872"], ["updated_at", "2019-05-28 17:54:28.569872"]]
  ↳ db/seeds.rb:2
  [1m[35m (2.3ms)[0m  [1m[35mCOMMIT[0m
  ↳ db/seeds.rb:2
  [1m[35m (0.3ms)[0m  [1m[35mBEGIN[0m
  ↳ db/seeds.rb:3
  [1m[36mBook Create (0.5ms)[0m  [1m[32mINSERT INTO "books" ("title", "created_at", "updated_at") VALUES ($1, $2, $3) RETURNING "id"[0m  [["title", "Three"], ["created_at", "2019-05-28 17:54:28.575205"], ["updated_at", "2019-05-28 17:54:28.575205"]]
  ↳ db/seeds.rb:3
  [1m[35m (2.3ms)[0m  [1m[35mCOMMIT[0m
  ↳ db/seeds.rb:3
  [1m[35m (0.3ms)[0m  [1m[35mBEGIN[0m
  ↳ db/seeds.rb:4
  [1m[36mBook Create (0.5ms)[0m  [1m[32mINSERT INTO "books" ("title", "created_at", "updated_at") VALUES ($1, $2, $3) RETURNING "id"[0m  [["title", "Four"], ["created_at", "2019-05-28 17:54:28.580543"], ["updated_at", "2019-05-28 17:54:28.580543"]]
  ↳ db/seeds.rb:4
  [1m[35m (2.4ms)[0m  [1m[35mCOMMIT[0m
  ↳ db/seeds.rb:4
  [1m[35m (0.3ms)[0m  [1m[35mBEGIN[0m
  ↳ db/seeds.rb:5
  [1m[36mBook Create (0.7ms)[0m  [1m[32mINSERT INTO "books" ("title", "created_at", "updated_at") VALUES ($1, $2, $3) RETURNING "id"[0m  [["title", "Five"], ["created_at", "2019-05-28 17:54:28.585983"], ["updated_at", "2019-05-28 17:54:28.585983"]]
  ↳ db/seeds.rb:5
  [1m[35m (2.3ms)[0m  [1m[35mCOMMIT[0m
  ↳ db/seeds.rb:5
  [1m[35m (0.3ms)[0m  [1m[35mBEGIN[0m
  ↳ db/seeds.rb:6
  [1m[36mBook Create (0.5ms)[0m  [1m[32mINSERT INTO "books" ("title", "created_at", "updated_at") VALUES ($1, $2, $3) RETURNING "id"[0m  [["title", "Six"], ["created_at", "2019-05-28 17:54:28.591730"], ["updated_at", "2019-05-28 17:54:28.591730"]]
  ↳ db/seeds.rb:6
  [1m[35m (2.3ms)[0m  [1m[35mCOMMIT[0m
  ↳ db/seeds.rb:6
  [1m[35m (0.5ms)[0m  [1m[35mBEGIN[0m
  ↳ db/seeds.rb:8
  [1m[36mAuthor Create (16.8ms)[0m  [1m[32mINSERT INTO "authors" ("name", "created_at", "updated_at") VALUES ($1, $2, $3) RETURNING "id"[0m  [["name", "Tom Clancy"], ["created_at", "2019-05-28 17:54:28.618969"], ["updated_at", "2019-05-28 17:54:28.618969"]]
  ↳ db/seeds.rb:8
  [1m[35m (2.7ms)[0m  [1m[35mCOMMIT[0m
  ↳ db/seeds.rb:8
  [1m[35m (0.3ms)[0m  [1m[35mBEGIN[0m
  ↳ db/seeds.rb:9
  [1m[36mAuthor Create (0.5ms)[0m  [1m[32mINSERT INTO "authors" ("name", "created_at", "updated_at") VALUES ($1, $2, $3) RETURNING "id"[0m  [["name", "Gillian Flynn"], ["created_at", "2019-05-28 17:54:28.641849"], ["updated_at", "2019-05-28 17:54:28.641849"]]
  ↳ db/seeds.rb:9
  [1m[35m (2.3ms)[0m  [1m[35mCOMMIT[0m
  ↳ db/seeds.rb:9
  [1m[35m (0.3ms)[0m  [1m[35mBEGIN[0m
  ↳ db/seeds.rb:10
  [1m[36mAuthor Create (0.5ms)[0m  [1m[32mINSERT INTO "authors" ("name", "created_at", "updated_at") VALUES ($1, $2, $3) RETURNING "id"[0m  [["name", "Vince Flynn"], ["created_at", "2019-05-28 17:54:28.647195"], ["updated_at", "2019-05-28 17:54:28.647195"]]
  ↳ db/seeds.rb:10
  [1m[35m (2.5ms)[0m  [1m[35mCOMMIT[0m
  ↳ db/seeds.rb:10
  [1m[35m (0.3ms)[0m  [1m[35mBEGIN[0m
  ↳ db/seeds.rb:11
  [1m[36mAuthor Create (0.5ms)[0m  [1m[32mINSERT INTO "authors" ("name", "created_at", "updated_at") VALUES ($1, $2, $3) RETURNING "id"[0m  [["name", "William Shakespeare"], ["created_at", "2019-05-28 17:54:28.652822"], ["updated_at", "2019-05-28 17:54:28.652822"]]
  ↳ db/seeds.rb:11
  [1m[35m (2.2ms)[0m  [1m[35mCOMMIT[0m
  ↳ db/seeds.rb:11
  [1m[35m (0.3ms)[0m  [1m[35mBEGIN[0m
  ↳ db/seeds.rb:13
  [1m[36mAuthor::HABTM_Books Create (48.4ms)[0m  [1m[32mINSERT INTO "authors_books" ("author_id", "book_id") VALUES ($1, $2)[0m  [["author_id", 1], ["book_id", 1]]
  ↳ db/seeds.rb:13
  [1m[36mAuthor::HABTM_Books Create (0.5ms)[0m  [1m[32mINSERT INTO "authors_books" ("author_id", "book_id") VALUES ($1, $2)[0m  [["author_id", 1], ["book_id", 2]]
  ↳ db/seeds.rb:13
  [1m[35m (2.5ms)[0m  [1m[35mCOMMIT[0m
  ↳ db/seeds.rb:13
  [1m[35m (0.3ms)[0m  [1m[35mBEGIN[0m
  ↳ db/seeds.rb:14
  [1m[36mAuthor::HABTM_Books Create (0.5ms)[0m  [1m[32mINSERT INTO "authors_books" ("author_id", "book_id") VALUES ($1, $2)[0m  [["author_id", 2], ["book_id", 3]]
  ↳ db/seeds.rb:14
  [1m[36mAuthor::HABTM_Books Create (0.4ms)[0m  [1m[32mINSERT INTO "authors_books" ("author_id", "book_id") VALUES ($1, $2)[0m  [["author_id", 2], ["book_id", 4]]
  ↳ db/seeds.rb:14
  [1m[35m (2.3ms)[0m  [1m[35mCOMMIT[0m
  ↳ db/seeds.rb:14
  [1m[35m (0.3ms)[0m  [1m[35mBEGIN[0m
  ↳ db/seeds.rb:15
  [1m[36mAuthor::HABTM_Books Create (0.5ms)[0m  [1m[32mINSERT INTO "authors_books" ("author_id", "book_id") VALUES ($1, $2)[0m  [["author_id", 3], ["book_id", 5]]
  ↳ db/seeds.rb:15
  [1m[36mAuthor::HABTM_Books Create (0.4ms)[0m  [1m[32mINSERT INTO "authors_books" ("author_id", "book_id") VALUES ($1, $2)[0m  [["author_id", 3], ["book_id", 6]]
  ↳ db/seeds.rb:15
  [1m[35m (2.3ms)[0m  [1m[35mCOMMIT[0m
  ↳ db/seeds.rb:15
  [1m[35m (0.3ms)[0m  [1m[35mBEGIN[0m
  ↳ db/seeds.rb:16
  [1m[36mAuthor::HABTM_Books Create (0.5ms)[0m  [1m[32mINSERT INTO "authors_books" ("author_id", "book_id") VALUES ($1, $2)[0m  [["author_id", 4], ["book_id", 1]]
  ↳ db/seeds.rb:16
  [1m[36mAuthor::HABTM_Books Create (0.4ms)[0m  [1m[32mINSERT INTO "authors_books" ("author_id", "book_id") VALUES ($1, $2)[0m  [["author_id", 4], ["book_id", 3]]
  ↳ db/seeds.rb:16
  [1m[36mAuthor::HABTM_Books Create (0.4ms)[0m  [1m[32mINSERT INTO "authors_books" ("author_id", "book_id") VALUES ($1, $2)[0m  [["author_id", 4], ["book_id", 6]]
  ↳ db/seeds.rb:16
  [1m[35m (2.3ms)[0m  [1m[35mCOMMIT[0m
  ↳ db/seeds.rb:16
  [1m[36mBook Load (0.9ms)[0m  [1m[34mSELECT  "books".* FROM "books" WHERE "books"."id" = $1 LIMIT $2[0m  [["id", 1], ["LIMIT", 1]]
  [1m[36mAuthor Load (1.3ms)[0m  [1m[34mSELECT "authors".* FROM "authors" INNER JOIN "authors_books" ON "authors"."id" = "authors_books"."author_id" WHERE "authors_books"."book_id" = $1[0m  [["book_id", 1]]
  [1m[36mBook Load (0.3ms)[0m  [1m[34mSELECT  "books".* FROM "books" ORDER BY "books"."id" ASC LIMIT $1[0m  [["LIMIT", 1]]
  [1m[36mAuthor Load (0.5ms)[0m  [1m[34mSELECT  "authors".* FROM "authors" ORDER BY "authors"."id" ASC LIMIT $1[0m  [["LIMIT", 1]]
  [1m[36mBook Load (0.6ms)[0m  [1m[34mSELECT "books".* FROM "books" INNER JOIN "authors_books" ON "books"."id" = "authors_books"."book_id" WHERE "authors_books"."author_id" = $1[0m  [["author_id", 1]]
Started GET "/" for ::1 at 2019-05-28 14:10:57 -0400
  [1m[35m (0.8ms)[0m  [1m[34mSELECT "schema_migrations"."version" FROM "schema_migrations" ORDER BY "schema_migrations"."version" ASC[0m
  ↳ /Users/student_ga124/.rbenv/versions/2.6.3/lib/ruby/gems/2.6.0/gems/activerecord-5.2.3/lib/active_record/log_subscriber.rb:98
Processing by Rails::WelcomeController#index as HTML
  Rendering /Users/student_ga124/.rbenv/versions/2.6.3/lib/ruby/gems/2.6.0/gems/railties-5.2.3/lib/rails/templates/rails/welcome/index.html.erb
  Rendered /Users/student_ga124/.rbenv/versions/2.6.3/lib/ruby/gems/2.6.0/gems/railties-5.2.3/lib/rails/templates/rails/welcome/index.html.erb (6.2ms)
Completed 200 OK in 28ms (Views: 20.8ms | ActiveRecord: 0.0ms)


Started GET "/authors/1/books" for ::1 at 2019-05-28 14:11:01 -0400
  
ActionController::RoutingError (uninitialized constant BooksController):
  
activesupport (5.2.3) lib/active_support/inflector/methods.rb:283:in `const_get'
activesupport (5.2.3) lib/active_support/inflector/methods.rb:283:in `block in constantize'
activesupport (5.2.3) lib/active_support/inflector/methods.rb:281:in `each'
activesupport (5.2.3) lib/active_support/inflector/methods.rb:281:in `inject'
activesupport (5.2.3) lib/active_support/inflector/methods.rb:281:in `constantize'
actionpack (5.2.3) lib/action_dispatch/http/request.rb:88:in `controller_class_for'
actionpack (5.2.3) lib/action_dispatch/http/request.rb:81:in `controller_class'
actionpack (5.2.3) lib/action_dispatch/routing/route_set.rb:46:in `controller'
actionpack (5.2.3) lib/action_dispatch/routing/route_set.rb:32:in `serve'
actionpack (5.2.3) lib/action_dispatch/journey/router.rb:52:in `block in serve'
actionpack (5.2.3) lib/action_dispatch/journey/router.rb:35:in `each'
actionpack (5.2.3) lib/action_dispatch/journey/router.rb:35:in `serve'
actionpack (5.2.3) lib/action_dispatch/routing/route_set.rb:840:in `call'
rack (2.0.7) lib/rack/etag.rb:25:in `call'
rack (2.0.7) lib/rack/conditional_get.rb:25:in `call'
rack (2.0.7) lib/rack/head.rb:12:in `call'
activerecord (5.2.3) lib/active_record/migration.rb:559:in `call'
actionpack (5.2.3) lib/action_dispatch/middleware/callbacks.rb:28:in `block in call'
activesupport (5.2.3) lib/active_support/callbacks.rb:98:in `run_callbacks'
actionpack (5.2.3) lib/action_dispatch/middleware/callbacks.rb:26:in `call'
actionpack (5.2.3) lib/action_dispatch/middleware/executor.rb:14:in `call'
actionpack (5.2.3) lib/action_dispatch/middleware/debug_exceptions.rb:61:in `call'
actionpack (5.2.3) lib/action_dispatch/middleware/show_exceptions.rb:33:in `call'
railties (5.2.3) lib/rails/rack/logger.rb:38:in `call_app'
railties (5.2.3) lib/rails/rack/logger.rb:26:in `block in call'
activesupport (5.2.3) lib/active_support/tagged_logging.rb:71:in `block in tagged'
activesupport (5.2.3) lib/active_support/tagged_logging.rb:28:in `tagged'
activesupport (5.2.3) lib/active_support/tagged_logging.rb:71:in `tagged'
railties (5.2.3) lib/rails/rack/logger.rb:26:in `call'
actionpack (5.2.3) lib/action_dispatch/middleware/remote_ip.rb:81:in `call'
actionpack (5.2.3) lib/action_dispatch/middleware/request_id.rb:27:in `call'
rack (2.0.7) lib/rack/runtime.rb:22:in `call'
activesupport (5.2.3) lib/active_support/cache/strategy/local_cache_middleware.rb:29:in `call'
actionpack (5.2.3) lib/action_dispatch/middleware/executor.rb:14:in `call'
actionpack (5.2.3) lib/action_dispatch/middleware/static.rb:127:in `call'
rack (2.0.7) lib/rack/sendfile.rb:111:in `call'
railties (5.2.3) lib/rails/engine.rb:524:in `call'
puma (3.12.1) lib/puma/configuration.rb:227:in `call'
puma (3.12.1) lib/puma/server.rb:660:in `handle_request'
puma (3.12.1) lib/puma/server.rb:474:in `process_client'
puma (3.12.1) lib/puma/server.rb:334:in `block in run'
puma (3.12.1) lib/puma/thread_pool.rb:135:in `block in spawn_thread'
Started GET "/authors/1/books" for ::1 at 2019-05-28 14:15:14 -0400
Processing by BooksController#index as HTML
  Parameters: {"author_id"=>"1"}
  [1m[36mAuthor Load (1.0ms)[0m  [1m[34mSELECT  "authors".* FROM "authors" WHERE "authors"."id" = $1 LIMIT $2[0m  [["id", 1], ["LIMIT", 1]]
  ↳ app/controllers/books_controller.rb:3
  [1m[36mBook Load (1.3ms)[0m  [1m[34mSELECT "books".* FROM "books" INNER JOIN "authors_books" ON "books"."id" = "authors_books"."book_id" WHERE "authors_books"."author_id" = $1[0m  [["author_id", 1]]
  ↳ app/controllers/books_controller.rb:5
  [1m[36mAuthor Load (0.4ms)[0m  [1m[34mSELECT "authors".* FROM "authors" INNER JOIN "authors_books" ON "authors"."id" = "authors_books"."author_id" WHERE "authors_books"."book_id" = $1[0m  [["book_id", 1]]
  ↳ app/controllers/books_controller.rb:5
  [1m[36mAuthor Load (0.4ms)[0m  [1m[34mSELECT "authors".* FROM "authors" INNER JOIN "authors_books" ON "authors"."id" = "authors_books"."author_id" WHERE "authors_books"."book_id" = $1[0m  [["book_id", 2]]
  ↳ app/controllers/books_controller.rb:5
Completed 200 OK in 160ms (Views: 39.0ms | ActiveRecord: 19.6ms)


Started GET "/authors/2/books" for ::1 at 2019-05-28 14:53:54 -0400
Processing by BooksController#index as HTML
  Parameters: {"author_id"=>"2"}
  [1m[36mAuthor Load (0.5ms)[0m  [1m[34mSELECT  "authors".* FROM "authors" WHERE "authors"."id" = $1 LIMIT $2[0m  [["id", 2], ["LIMIT", 1]]
  ↳ app/controllers/books_controller.rb:3
  [1m[36mBook Load (0.7ms)[0m  [1m[34mSELECT "books".* FROM "books" INNER JOIN "authors_books" ON "books"."id" = "authors_books"."book_id" WHERE "authors_books"."author_id" = $1[0m  [["author_id", 2]]
  ↳ app/controllers/books_controller.rb:5
  [1m[36mAuthor Load (0.4ms)[0m  [1m[34mSELECT "authors".* FROM "authors" INNER JOIN "authors_books" ON "authors"."id" = "authors_books"."author_id" WHERE "authors_books"."book_id" = $1[0m  [["book_id", 3]]
  ↳ app/controllers/books_controller.rb:5
  [1m[36mAuthor Load (0.4ms)[0m  [1m[34mSELECT "authors".* FROM "authors" INNER JOIN "authors_books" ON "authors"."id" = "authors_books"."author_id" WHERE "authors_books"."book_id" = $1[0m  [["book_id", 4]]
  ↳ app/controllers/books_controller.rb:5
Completed 200 OK in 28ms (Views: 15.4ms | ActiveRecord: 2.4ms)


Started GET "/authors/2/books/1" for ::1 at 2019-05-28 14:54:02 -0400
Processing by BooksController#show as HTML
  Parameters: {"author_id"=>"2", "id"=>"1"}
  [1m[36mBook Load (1.0ms)[0m  [1m[34mSELECT  "books".* FROM "books" WHERE "books"."id" = $1 LIMIT $2[0m  [["id", 1], ["LIMIT", 1]]
  ↳ app/controllers/books_controller.rb:9
  [1m[36mAuthor Load (2.4ms)[0m  [1m[34mSELECT "authors".* FROM "authors" INNER JOIN "authors_books" ON "authors"."id" = "authors_books"."author_id" WHERE "authors_books"."book_id" = $1[0m  [["book_id", 1]]
  ↳ app/controllers/books_controller.rb:10
Completed 200 OK in 15ms (Views: 4.9ms | ActiveRecord: 3.3ms)


Started GET "/authors/2/books" for ::1 at 2019-05-28 14:54:09 -0400
Processing by BooksController#index as HTML
  Parameters: {"author_id"=>"2"}
  [1m[36mAuthor Load (0.4ms)[0m  [1m[34mSELECT  "authors".* FROM "authors" WHERE "authors"."id" = $1 LIMIT $2[0m  [["id", 2], ["LIMIT", 1]]
  ↳ app/controllers/books_controller.rb:3
  [1m[36mBook Load (4.3ms)[0m  [1m[34mSELECT "books".* FROM "books" INNER JOIN "authors_books" ON "books"."id" = "authors_books"."book_id" WHERE "authors_books"."author_id" = $1[0m  [["author_id", 2]]
  ↳ app/controllers/books_controller.rb:5
  [1m[36mAuthor Load (0.5ms)[0m  [1m[34mSELECT "authors".* FROM "authors" INNER JOIN "authors_books" ON "authors"."id" = "authors_books"."author_id" WHERE "authors_books"."book_id" = $1[0m  [["book_id", 3]]
  ↳ app/controllers/books_controller.rb:5
  [1m[36mAuthor Load (0.4ms)[0m  [1m[34mSELECT "authors".* FROM "authors" INNER JOIN "authors_books" ON "authors"."id" = "authors_books"."author_id" WHERE "authors_books"."book_id" = $1[0m  [["book_id", 4]]
  ↳ app/controllers/books_controller.rb:5
Completed 200 OK in 15ms (Views: 7.5ms | ActiveRecord: 5.7ms)


Started GET "/authors/2/books1" for ::1 at 2019-05-28 15:03:38 -0400
  
ActionController::RoutingError (No route matches [GET] "/authors/2/books1"):
  
actionpack (5.2.3) lib/action_dispatch/middleware/debug_exceptions.rb:65:in `call'
actionpack (5.2.3) lib/action_dispatch/middleware/show_exceptions.rb:33:in `call'
railties (5.2.3) lib/rails/rack/logger.rb:38:in `call_app'
railties (5.2.3) lib/rails/rack/logger.rb:26:in `block in call'
activesupport (5.2.3) lib/active_support/tagged_logging.rb:71:in `block in tagged'
activesupport (5.2.3) lib/active_support/tagged_logging.rb:28:in `tagged'
activesupport (5.2.3) lib/active_support/tagged_logging.rb:71:in `tagged'
railties (5.2.3) lib/rails/rack/logger.rb:26:in `call'
actionpack (5.2.3) lib/action_dispatch/middleware/remote_ip.rb:81:in `call'
actionpack (5.2.3) lib/action_dispatch/middleware/request_id.rb:27:in `call'
rack (2.0.7) lib/rack/runtime.rb:22:in `call'
activesupport (5.2.3) lib/active_support/cache/strategy/local_cache_middleware.rb:29:in `call'
actionpack (5.2.3) lib/action_dispatch/middleware/executor.rb:14:in `call'
actionpack (5.2.3) lib/action_dispatch/middleware/static.rb:127:in `call'
rack (2.0.7) lib/rack/sendfile.rb:111:in `call'
railties (5.2.3) lib/rails/engine.rb:524:in `call'
puma (3.12.1) lib/puma/configuration.rb:227:in `call'
puma (3.12.1) lib/puma/server.rb:660:in `handle_request'
puma (3.12.1) lib/puma/server.rb:474:in `process_client'
puma (3.12.1) lib/puma/server.rb:334:in `block in run'
puma (3.12.1) lib/puma/thread_pool.rb:135:in `block in spawn_thread'
Started GET "/authors/2/books/1" for ::1 at 2019-05-28 15:03:41 -0400
  
SyntaxError (/Users/student_ga124/Desktop/GeneralAssembly/sei/unit04/lessons/rails-api-many-to-many/books_db_api/app/controllers/books_controller.rb:18: syntax error, unexpected end-of-input, expecting end):
  
app/controllers/books_controller.rb:18: syntax error, unexpected end-of-input, expecting end
Started GET "/authors/2/books/1" for ::1 at 2019-05-28 15:03:50 -0400
Processing by BooksController#show as HTML
  Parameters: {"author_id"=>"2", "id"=>"1"}
  [1m[36mAuthor Load (0.7ms)[0m  [1m[34mSELECT  "authors".* FROM "authors" WHERE "authors"."id" = $1 LIMIT $2[0m  [["id", nil], ["LIMIT", 1]]
  ↳ app/controllers/books_controller.rb:9
Completed 404 Not Found in 72ms (ActiveRecord: 58.3ms)


  
ActiveRecord::RecordNotFound (Couldn't find Author with 'id'={:params=>[:author_id]}):
  
app/controllers/books_controller.rb:9:in `show'
Started GET "/authors/2/books/1" for ::1 at 2019-05-28 15:03:59 -0400
Processing by BooksController#show as HTML
  Parameters: {"author_id"=>"2", "id"=>"1"}
  [1m[36mAuthor Load (0.7ms)[0m  [1m[34mSELECT  "authors".* FROM "authors" WHERE "authors"."id" = $1 LIMIT $2[0m  [["id", 2], ["LIMIT", 1]]
  ↳ app/controllers/books_controller.rb:9
  [1m[36mBook Load (0.4ms)[0m  [1m[34mSELECT  "books".* FROM "books" WHERE "books"."id" = $1 LIMIT $2[0m  [["id", 1], ["LIMIT", 1]]
  ↳ app/controllers/books_controller.rb:10
Completed 500 Internal Server Error in 35ms (ActiveRecord: 9.6ms)


  
TypeError (wrong argument type Book (expected Module)):
  
app/controllers/books_controller.rb:12:in `show'
Started GET "/authors/2/books/1" for ::1 at 2019-05-28 15:04:09 -0400
Processing by BooksController#show as HTML
  Parameters: {"author_id"=>"2", "id"=>"1"}
  [1m[36mAuthor Load (2.0ms)[0m  [1m[34mSELECT  "authors".* FROM "authors" WHERE "authors"."id" = $1 LIMIT $2[0m  [["id", 2], ["LIMIT", 1]]
  ↳ app/controllers/books_controller.rb:9
  [1m[36mBook Load (0.3ms)[0m  [1m[34mSELECT  "books".* FROM "books" WHERE "books"."id" = $1 LIMIT $2[0m  [["id", 1], ["LIMIT", 1]]
  ↳ app/controllers/books_controller.rb:10
  [1m[36mBook Exists (2.8ms)[0m  [1m[34mSELECT  1 AS one FROM "books" INNER JOIN "authors_books" ON "books"."id" = "authors_books"."book_id" WHERE "authors_books"."author_id" = $1 AND "books"."id" = $2 LIMIT $3[0m  [["author_id", 2], ["id", 1], ["LIMIT", 1]]
  ↳ app/controllers/books_controller.rb:12
Completed 200 OK in 71ms (Views: 0.4ms | ActiveRecord: 12.3ms)


Started GET "/authors/2/books/2" for ::1 at 2019-05-28 15:04:12 -0400
Processing by BooksController#show as HTML
  Parameters: {"author_id"=>"2", "id"=>"2"}
  [1m[36mAuthor Load (0.6ms)[0m  [1m[34mSELECT  "authors".* FROM "authors" WHERE "authors"."id" = $1 LIMIT $2[0m  [["id", 2], ["LIMIT", 1]]
  ↳ app/controllers/books_controller.rb:9
  [1m[36mBook Load (1.2ms)[0m  [1m[34mSELECT  "books".* FROM "books" WHERE "books"."id" = $1 LIMIT $2[0m  [["id", 2], ["LIMIT", 1]]
  ↳ app/controllers/books_controller.rb:10
  [1m[36mBook Exists (0.6ms)[0m  [1m[34mSELECT  1 AS one FROM "books" INNER JOIN "authors_books" ON "books"."id" = "authors_books"."book_id" WHERE "authors_books"."author_id" = $1 AND "books"."id" = $2 LIMIT $3[0m  [["author_id", 2], ["id", 2], ["LIMIT", 1]]
  ↳ app/controllers/books_controller.rb:12
Completed 200 OK in 8ms (Views: 0.2ms | ActiveRecord: 2.4ms)


Started GET "/authors/2/books/3" for ::1 at 2019-05-28 15:04:15 -0400
Processing by BooksController#show as HTML
  Parameters: {"author_id"=>"2", "id"=>"3"}
  [1m[36mAuthor Load (0.5ms)[0m  [1m[34mSELECT  "authors".* FROM "authors" WHERE "authors"."id" = $1 LIMIT $2[0m  [["id", 2], ["LIMIT", 1]]
  ↳ app/controllers/books_controller.rb:9
  [1m[36mBook Load (1.0ms)[0m  [1m[34mSELECT  "books".* FROM "books" WHERE "books"."id" = $1 LIMIT $2[0m  [["id", 3], ["LIMIT", 1]]
  ↳ app/controllers/books_controller.rb:10
  [1m[36mBook Exists (0.9ms)[0m  [1m[34mSELECT  1 AS one FROM "books" INNER JOIN "authors_books" ON "books"."id" = "authors_books"."book_id" WHERE "authors_books"."author_id" = $1 AND "books"."id" = $2 LIMIT $3[0m  [["author_id", 2], ["id", 3], ["LIMIT", 1]]
  ↳ app/controllers/books_controller.rb:12
  [1m[36mAuthor Load (0.4ms)[0m  [1m[34mSELECT "authors".* FROM "authors" INNER JOIN "authors_books" ON "authors"."id" = "authors_books"."author_id" WHERE "authors_books"."book_id" = $1[0m  [["book_id", 3]]
  ↳ app/controllers/books_controller.rb:13
Completed 200 OK in 16ms (Views: 6.4ms | ActiveRecord: 4.7ms)


Started GET "/" for ::1 at 2019-05-28 15:10:02 -0400
Processing by Rails::WelcomeController#index as HTML
  Rendering /Users/student_ga124/.rbenv/versions/2.6.3/lib/ruby/gems/2.6.0/gems/railties-5.2.3/lib/rails/templates/rails/welcome/index.html.erb
  Rendered /Users/student_ga124/.rbenv/versions/2.6.3/lib/ruby/gems/2.6.0/gems/railties-5.2.3/lib/rails/templates/rails/welcome/index.html.erb (3.1ms)
Completed 200 OK in 14ms (Views: 5.3ms | ActiveRecord: 0.0ms)


Started GET "/authors/2/books" for ::1 at 2019-05-28 15:10:06 -0400
Processing by BooksController#index as HTML
  Parameters: {"author_id"=>"2"}
  [1m[36mAuthor Load (0.5ms)[0m  [1m[34mSELECT  "authors".* FROM "authors" WHERE "authors"."id" = $1 LIMIT $2[0m  [["id", 2], ["LIMIT", 1]]
  ↳ app/controllers/books_controller.rb:3
  [1m[36mBook Load (0.8ms)[0m  [1m[34mSELECT "books".* FROM "books" INNER JOIN "authors_books" ON "books"."id" = "authors_books"."book_id" WHERE "authors_books"."author_id" = $1[0m  [["author_id", 2]]
  ↳ app/controllers/books_controller.rb:5
  [1m[36mAuthor Load (0.4ms)[0m  [1m[34mSELECT "authors".* FROM "authors" INNER JOIN "authors_books" ON "authors"."id" = "authors_books"."author_id" WHERE "authors_books"."book_id" = $1[0m  [["book_id", 3]]
  ↳ app/controllers/books_controller.rb:5
  [1m[36mAuthor Load (0.5ms)[0m  [1m[34mSELECT "authors".* FROM "authors" INNER JOIN "authors_books" ON "authors"."id" = "authors_books"."author_id" WHERE "authors_books"."book_id" = $1[0m  [["book_id", 4]]
  ↳ app/controllers/books_controller.rb:5
Completed 200 OK in 56ms (Views: 16.0ms | ActiveRecord: 20.4ms)


